<?xml version="1.0" encoding="UTF-8"?>
<testng-results ignored="6" total="12" passed="4" failed="2" skipped="0">
  <reporter-output>
  </reporter-output>
  <suite started-at="2021-06-20T09:49:48 IST" name="Suite" finished-at="2021-06-20T09:52:37 IST" duration-ms="168990">
    <groups>
    </groups>
    <test started-at="2021-06-20T09:49:48 IST" name="Chrome" finished-at="2021-06-20T09:51:11 IST" duration-ms="83714">
      <class name="com.pom.testingclasses.VerifyAmazonPayTabs">
        <test-method is-config="true" signature="openBrowser(java.lang.String)[pri:0, instance:com.pom.testingclasses.VerifyAmazonPayTabs@223aa2f7]" started-at="2021-06-20T09:49:48 IST" name="openBrowser" finished-at="2021-06-20T09:50:07 IST" duration-ms="18970" status="PASS">
          <params>
            <param index="0">
              <value>
                <![CDATA[Chrome]]>
              </value>
            </param>
          </params>
          <reporter-output>
          </reporter-output>
        </test-method> <!-- openBrowser -->
        <test-method is-config="true" signature="beforeMethod()[pri:0, instance:com.pom.testingclasses.VerifyAmazonPayTabs@223aa2f7]" started-at="2021-06-20T09:50:07 IST" name="beforeMethod" finished-at="2021-06-20T09:50:41 IST" duration-ms="34642" status="PASS">
          <reporter-output>
          </reporter-output>
        </test-method> <!-- beforeMethod -->
        <test-method signature="verifyDTH()[pri:0, instance:com.pom.testingclasses.VerifyAmazonPayTabs@223aa2f7]" started-at="2021-06-20T09:50:41 IST" name="verifyDTH" finished-at="2021-06-20T09:50:46 IST" duration-ms="4232" status="PASS">
          <reporter-output>
          </reporter-output>
        </test-method> <!-- verifyDTH -->
        <test-method is-config="true" signature="signOut(org.testng.ITestResult)[pri:0, instance:com.pom.testingclasses.VerifyAmazonPayTabs@223aa2f7]" started-at="2021-06-20T09:50:46 IST" name="signOut" finished-at="2021-06-20T09:50:50 IST" duration-ms="4648" status="PASS">
          <params>
            <param index="0">
              <value>
                <![CDATA[[TestResult name=verifyDTH status=SUCCESS method=VerifyAmazonPayTabs.verifyDTH()[pri:0, instance:com.pom.testingclasses.VerifyAmazonPayTabs@223aa2f7] output={null}]]]>
              </value>
            </param>
          </params>
          <reporter-output>
          </reporter-output>
        </test-method> <!-- signOut -->
        <test-method is-config="true" signature="beforeMethod()[pri:0, instance:com.pom.testingclasses.VerifyAmazonPayTabs@223aa2f7]" started-at="2021-06-20T09:50:50 IST" name="beforeMethod" finished-at="2021-06-20T09:50:57 IST" duration-ms="6579" status="PASS">
          <reporter-output>
          </reporter-output>
        </test-method> <!-- beforeMethod -->
        <test-method signature="verifyElectricity()[pri:0, instance:com.pom.testingclasses.VerifyAmazonPayTabs@223aa2f7]" started-at="2021-06-20T09:50:57 IST" name="verifyElectricity" finished-at="2021-06-20T09:50:59 IST" duration-ms="2394" status="PASS">
          <reporter-output>
          </reporter-output>
        </test-method> <!-- verifyElectricity -->
        <test-method is-config="true" signature="signOut(org.testng.ITestResult)[pri:0, instance:com.pom.testingclasses.VerifyAmazonPayTabs@223aa2f7]" started-at="2021-06-20T09:50:59 IST" name="signOut" finished-at="2021-06-20T09:51:01 IST" duration-ms="1326" status="PASS">
          <params>
            <param index="0">
              <value>
                <![CDATA[[TestResult name=verifyElectricity status=SUCCESS method=VerifyAmazonPayTabs.verifyElectricity()[pri:0, instance:com.pom.testingclasses.VerifyAmazonPayTabs@223aa2f7] output={null}]]]>
              </value>
            </param>
          </params>
          <reporter-output>
          </reporter-output>
        </test-method> <!-- signOut -->
        <test-method is-config="true" signature="beforeMethod()[pri:0, instance:com.pom.testingclasses.VerifyAmazonPayTabs@223aa2f7]" started-at="2021-06-20T09:51:01 IST" name="beforeMethod" finished-at="2021-06-20T09:51:06 IST" duration-ms="5094" status="PASS">
          <reporter-output>
          </reporter-output>
        </test-method> <!-- beforeMethod -->
        <test-method signature="verifyMobileRecharge()[pri:0, instance:com.pom.testingclasses.VerifyAmazonPayTabs@223aa2f7]" started-at="2021-06-20T09:51:06 IST" name="verifyMobileRecharge" finished-at="2021-06-20T09:51:08 IST" duration-ms="2093" status="FAIL">
          <exception class="java.lang.AssertionError">
            <message>
              <![CDATA[The following asserts failed:
expected [https://www.amazon.in/hfc/bill/electrice_Electricity] but found [https://www.amazon.in/hfc/bill/electricity?ref_=apay_deskhome_Electricity]]]>
            </message>
            <full-stacktrace>
              <![CDATA[java.lang.AssertionError: The following asserts failed:
expected [https://www.amazon.in/hfc/bill/electrice_Electricity] but found [https://www.amazon.in/hfc/bill/electricity?ref_=apay_deskhome_Electricity]
at org.testng.asserts.SoftAssert.assertAll(SoftAssert.java:47)
at org.testng.asserts.SoftAssert.assertAll(SoftAssert.java:31)
at com.pom.testingclasses.VerifyAmazonPayTabs.verifyMobileRecharge(VerifyAmazonPayTabs.java:89)
at java.base/jdk.internal.reflect.NativeMethodAccessorImpl.invoke0(Native Method)
at java.base/jdk.internal.reflect.NativeMethodAccessorImpl.invoke(NativeMethodAccessorImpl.java:64)
at java.base/jdk.internal.reflect.DelegatingMethodAccessorImpl.invoke(DelegatingMethodAccessorImpl.java:43)
at java.base/java.lang.reflect.Method.invoke(Method.java:564)
at org.testng.internal.MethodInvocationHelper.invokeMethod(MethodInvocationHelper.java:134)
at org.testng.internal.TestInvoker.invokeMethod(TestInvoker.java:597)
at org.testng.internal.TestInvoker.invokeTestMethod(TestInvoker.java:173)
at org.testng.internal.MethodRunner.runInSequence(MethodRunner.java:46)
at org.testng.internal.TestInvoker$MethodInvocationAgent.invoke(TestInvoker.java:816)
at org.testng.internal.TestInvoker.invokeTestMethods(TestInvoker.java:146)
at org.testng.internal.TestMethodWorker.invokeTestMethods(TestMethodWorker.java:146)
at org.testng.internal.TestMethodWorker.run(TestMethodWorker.java:128)
at java.base/java.util.ArrayList.forEach(ArrayList.java:1511)
at org.testng.TestRunner.privateRun(TestRunner.java:766)
at org.testng.TestRunner.run(TestRunner.java:587)
at org.testng.SuiteRunner.runTest(SuiteRunner.java:384)
at org.testng.SuiteRunner.runSequentially(SuiteRunner.java:378)
at org.testng.SuiteRunner.privateRun(SuiteRunner.java:337)
at org.testng.SuiteRunner.run(SuiteRunner.java:286)
at org.testng.SuiteRunnerWorker.runSuite(SuiteRunnerWorker.java:53)
at org.testng.SuiteRunnerWorker.run(SuiteRunnerWorker.java:96)
at org.testng.TestNG.runSuitesSequentially(TestNG.java:1187)
at org.testng.TestNG.runSuitesLocally(TestNG.java:1109)
at org.testng.TestNG.runSuites(TestNG.java:1039)
at org.testng.TestNG.run(TestNG.java:1007)
at org.testng.remote.AbstractRemoteTestNG.run(AbstractRemoteTestNG.java:115)
at org.testng.remote.RemoteTestNG.initAndRun(RemoteTestNG.java:251)
at org.testng.remote.RemoteTestNG.main(RemoteTestNG.java:77)
]]>
            </full-stacktrace>
          </exception> <!-- java.lang.AssertionError -->
          <reporter-output>
          </reporter-output>
        </test-method> <!-- verifyMobileRecharge -->
        <test-method is-config="true" signature="signOut(org.testng.ITestResult)[pri:0, instance:com.pom.testingclasses.VerifyAmazonPayTabs@223aa2f7]" started-at="2021-06-20T09:51:08 IST" name="signOut" finished-at="2021-06-20T09:51:10 IST" duration-ms="2214" status="PASS">
          <params>
            <param index="0">
              <value>
                <![CDATA[[TestResult name=verifyMobileRecharge status=FAILURE method=VerifyAmazonPayTabs.verifyMobileRecharge()[pri:0, instance:com.pom.testingclasses.VerifyAmazonPayTabs@223aa2f7] output={null}]]]>
              </value>
            </param>
          </params>
          <reporter-output>
          </reporter-output>
        </test-method> <!-- signOut -->
        <test-method is-config="true" signature="closeBrowser()[pri:0, instance:com.pom.testingclasses.VerifyAmazonPayTabs@223aa2f7]" started-at="2021-06-20T09:51:10 IST" name="closeBrowser" finished-at="2021-06-20T09:51:11 IST" duration-ms="1398" status="PASS">
          <reporter-output>
          </reporter-output>
        </test-method> <!-- closeBrowser -->
      </class> <!-- com.pom.testingclasses.VerifyAmazonPayTabs -->
    </test> <!-- Chrome -->
    <test started-at="2021-06-20T09:51:12 IST" name="FirefoxTest" finished-at="2021-06-20T09:52:37 IST" duration-ms="85158">
      <class name="com.pom.testingclasses.VerifyAmazonPayTabs">
        <test-method is-config="true" signature="openBrowser(java.lang.String)[pri:0, instance:com.pom.testingclasses.VerifyAmazonPayTabs@1b1426f4]" started-at="2021-06-20T09:51:12 IST" name="openBrowser" finished-at="2021-06-20T09:51:52 IST" duration-ms="40563" status="PASS">
          <params>
            <param index="0">
              <value>
                <![CDATA[Firefox]]>
              </value>
            </param>
          </params>
          <reporter-output>
          </reporter-output>
        </test-method> <!-- openBrowser -->
        <test-method is-config="true" signature="beforeMethod()[pri:0, instance:com.pom.testingclasses.VerifyAmazonPayTabs@1b1426f4]" started-at="2021-06-20T09:51:52 IST" name="beforeMethod" finished-at="2021-06-20T09:52:01 IST" duration-ms="9251" status="PASS">
          <reporter-output>
          </reporter-output>
        </test-method> <!-- beforeMethod -->
        <test-method signature="verifyDTH()[pri:0, instance:com.pom.testingclasses.VerifyAmazonPayTabs@1b1426f4]" started-at="2021-06-20T09:52:01 IST" name="verifyDTH" finished-at="2021-06-20T09:52:03 IST" duration-ms="1305" status="PASS">
          <reporter-output>
          </reporter-output>
        </test-method> <!-- verifyDTH -->
        <test-method is-config="true" signature="signOut(org.testng.ITestResult)[pri:0, instance:com.pom.testingclasses.VerifyAmazonPayTabs@1b1426f4]" started-at="2021-06-20T09:52:03 IST" name="signOut" finished-at="2021-06-20T09:52:06 IST" duration-ms="3210" status="PASS">
          <params>
            <param index="0">
              <value>
                <![CDATA[[TestResult name=verifyDTH status=SUCCESS method=VerifyAmazonPayTabs.verifyDTH()[pri:0, instance:com.pom.testingclasses.VerifyAmazonPayTabs@1b1426f4] output={null}]]]>
              </value>
            </param>
          </params>
          <reporter-output>
          </reporter-output>
        </test-method> <!-- signOut -->
        <test-method is-config="true" signature="beforeMethod()[pri:0, instance:com.pom.testingclasses.VerifyAmazonPayTabs@1b1426f4]" started-at="2021-06-20T09:52:06 IST" name="beforeMethod" finished-at="2021-06-20T09:52:13 IST" duration-ms="7185" status="PASS">
          <reporter-output>
          </reporter-output>
        </test-method> <!-- beforeMethod -->
        <test-method signature="verifyElectricity()[pri:0, instance:com.pom.testingclasses.VerifyAmazonPayTabs@1b1426f4]" started-at="2021-06-20T09:52:13 IST" name="verifyElectricity" finished-at="2021-06-20T09:52:14 IST" duration-ms="1223" status="PASS">
          <reporter-output>
          </reporter-output>
        </test-method> <!-- verifyElectricity -->
        <test-method is-config="true" signature="signOut(org.testng.ITestResult)[pri:0, instance:com.pom.testingclasses.VerifyAmazonPayTabs@1b1426f4]" started-at="2021-06-20T09:52:14 IST" name="signOut" finished-at="2021-06-20T09:52:17 IST" duration-ms="2786" status="PASS">
          <params>
            <param index="0">
              <value>
                <![CDATA[[TestResult name=verifyElectricity status=SUCCESS method=VerifyAmazonPayTabs.verifyElectricity()[pri:0, instance:com.pom.testingclasses.VerifyAmazonPayTabs@1b1426f4] output={null}]]]>
              </value>
            </param>
          </params>
          <reporter-output>
          </reporter-output>
        </test-method> <!-- signOut -->
        <test-method is-config="true" signature="beforeMethod()[pri:0, instance:com.pom.testingclasses.VerifyAmazonPayTabs@1b1426f4]" started-at="2021-06-20T09:52:17 IST" name="beforeMethod" finished-at="2021-06-20T09:52:24 IST" duration-ms="6711" status="PASS">
          <reporter-output>
          </reporter-output>
        </test-method> <!-- beforeMethod -->
        <test-method signature="verifyMobileRecharge()[pri:0, instance:com.pom.testingclasses.VerifyAmazonPayTabs@1b1426f4]" started-at="2021-06-20T09:52:24 IST" name="verifyMobileRecharge" finished-at="2021-06-20T09:52:26 IST" duration-ms="2246" status="FAIL">
          <exception class="java.lang.AssertionError">
            <message>
              <![CDATA[The following asserts failed:
expected [https://www.amazon.in/hfc/bill/electrice_Electricity] but found [https://www.amazon.in/hfc/bill/electricity?ref_=apay_deskhome_Electricity]]]>
            </message>
            <full-stacktrace>
              <![CDATA[java.lang.AssertionError: The following asserts failed:
expected [https://www.amazon.in/hfc/bill/electrice_Electricity] but found [https://www.amazon.in/hfc/bill/electricity?ref_=apay_deskhome_Electricity]
at org.testng.asserts.SoftAssert.assertAll(SoftAssert.java:47)
at org.testng.asserts.SoftAssert.assertAll(SoftAssert.java:31)
at com.pom.testingclasses.VerifyAmazonPayTabs.verifyMobileRecharge(VerifyAmazonPayTabs.java:89)
at java.base/jdk.internal.reflect.NativeMethodAccessorImpl.invoke0(Native Method)
at java.base/jdk.internal.reflect.NativeMethodAccessorImpl.invoke(NativeMethodAccessorImpl.java:64)
at java.base/jdk.internal.reflect.DelegatingMethodAccessorImpl.invoke(DelegatingMethodAccessorImpl.java:43)
at java.base/java.lang.reflect.Method.invoke(Method.java:564)
at org.testng.internal.MethodInvocationHelper.invokeMethod(MethodInvocationHelper.java:134)
at org.testng.internal.TestInvoker.invokeMethod(TestInvoker.java:597)
at org.testng.internal.TestInvoker.invokeTestMethod(TestInvoker.java:173)
at org.testng.internal.MethodRunner.runInSequence(MethodRunner.java:46)
at org.testng.internal.TestInvoker$MethodInvocationAgent.invoke(TestInvoker.java:816)
at org.testng.internal.TestInvoker.invokeTestMethods(TestInvoker.java:146)
at org.testng.internal.TestMethodWorker.invokeTestMethods(TestMethodWorker.java:146)
at org.testng.internal.TestMethodWorker.run(TestMethodWorker.java:128)
at java.base/java.util.ArrayList.forEach(ArrayList.java:1511)
at org.testng.TestRunner.privateRun(TestRunner.java:766)
at org.testng.TestRunner.run(TestRunner.java:587)
at org.testng.SuiteRunner.runTest(SuiteRunner.java:384)
at org.testng.SuiteRunner.runSequentially(SuiteRunner.java:378)
at org.testng.SuiteRunner.privateRun(SuiteRunner.java:337)
at org.testng.SuiteRunner.run(SuiteRunner.java:286)
at org.testng.SuiteRunnerWorker.runSuite(SuiteRunnerWorker.java:53)
at org.testng.SuiteRunnerWorker.run(SuiteRunnerWorker.java:96)
at org.testng.TestNG.runSuitesSequentially(TestNG.java:1187)
at org.testng.TestNG.runSuitesLocally(TestNG.java:1109)
at org.testng.TestNG.runSuites(TestNG.java:1039)
at org.testng.TestNG.run(TestNG.java:1007)
at org.testng.remote.AbstractRemoteTestNG.run(AbstractRemoteTestNG.java:115)
at org.testng.remote.RemoteTestNG.initAndRun(RemoteTestNG.java:251)
at org.testng.remote.RemoteTestNG.main(RemoteTestNG.java:77)
]]>
            </full-stacktrace>
          </exception> <!-- java.lang.AssertionError -->
          <reporter-output>
          </reporter-output>
        </test-method> <!-- verifyMobileRecharge -->
        <test-method is-config="true" signature="signOut(org.testng.ITestResult)[pri:0, instance:com.pom.testingclasses.VerifyAmazonPayTabs@1b1426f4]" started-at="2021-06-20T09:52:26 IST" name="signOut" finished-at="2021-06-20T09:52:31 IST" duration-ms="4658" status="PASS">
          <params>
            <param index="0">
              <value>
                <![CDATA[[TestResult name=verifyMobileRecharge status=FAILURE method=VerifyAmazonPayTabs.verifyMobileRecharge()[pri:0, instance:com.pom.testingclasses.VerifyAmazonPayTabs@1b1426f4] output={null}]]]>
              </value>
            </param>
          </params>
          <reporter-output>
          </reporter-output>
        </test-method> <!-- signOut -->
        <test-method is-config="true" signature="closeBrowser()[pri:0, instance:com.pom.testingclasses.VerifyAmazonPayTabs@1b1426f4]" started-at="2021-06-20T09:52:31 IST" name="closeBrowser" finished-at="2021-06-20T09:52:37 IST" duration-ms="6002" status="PASS">
          <reporter-output>
          </reporter-output>
        </test-method> <!-- closeBrowser -->
      </class> <!-- com.pom.testingclasses.VerifyAmazonPayTabs -->
    </test> <!-- FirefoxTest -->
  </suite> <!-- Suite -->
</testng-results>
