<?xml version="1.0" encoding="UTF-8"?>
<!-- Generated by org.testng.reporters.JUnitXMLReporter -->
<testsuite ignored="3" hostname="DESKTOP-6CEB7OL" failures="1" tests="3" name="FirefoxTest" time="85.158" errors="0" timestamp="2021-06-20T09:52:37 IST">
  <testcase classname="com.pom.testingclasses.VerifyAmazonPayTabs" name="verifyDTH" time="1.305"/>
  <testcase classname="com.pom.testingclasses.VerifyAmazonPayTabs" name="verifyElectricity" time="1.223"/>
  <testcase classname="com.pom.testingclasses.VerifyAmazonPayTabs" name="verifyMobileRecharge" time="2.246">
    <failure type="java.lang.AssertionError" message="The following asserts failed:
	expected [https://www.amazon.in/hfc/bill/electrice_Electricity] but found [https://www.amazon.in/hfc/bill/electricity?ref_=apay_deskhome_Electricity]">
      <![CDATA[java.lang.AssertionError: The following asserts failed:
expected [https://www.amazon.in/hfc/bill/electrice_Electricity] but found [https://www.amazon.in/hfc/bill/electricity?ref_=apay_deskhome_Electricity]
at com.pom.testingclasses.VerifyAmazonPayTabs.verifyMobileRecharge(VerifyAmazonPayTabs.java:89)
at java.base/java.util.ArrayList.forEach(ArrayList.java:1511)
... Removed 29 stack frames]]>
    </failure>
  </testcase> <!-- verifyMobileRecharge -->
  <testcase classname="com.pom.testingclasses.VerifyAmazonPayTabs" name="verifyPostpaid" time="0.0">
    <ignored/>
  </testcase> <!-- verifyPostpaid -->
  <testcase classname="com.pom.testingclasses.VerifyAmazonPayTabs" name="verifyInsurance" time="0.0">
    <ignored/>
  </testcase> <!-- verifyInsurance -->
  <testcase classname="com.pom.testingclasses.VerifyAmazonPayTabs" name="verifyGasCylinder" time="0.0">
    <ignored/>
  </testcase> <!-- verifyGasCylinder -->
</testsuite> <!-- FirefoxTest -->
