<?xml version="1.0" encoding="UTF-8"?>
<!-- Generated by org.testng.reporters.JUnitXMLReporter -->
<testsuite ignored="4" hostname="DESKTOP-6CEB7OL" failures="0" tests="2" name="Default test" time="0.177" errors="0" timestamp="2021-06-17T16:45:56 IST">
  <testcase classname="com.pom.testingclasses.VerifyAmazonPayTabs" name="@BeforeTest openBrowser" time="-1.623928556718E9">
    <failure type="org.testng.TestNGException" message="
Parameter &amp;apos;browser&amp;apos; is required by BeforeTest on method openBrowser but has not been marked @Optional or defined
in C:\Users\HP\AppData\Local\Temp\testng-eclipse-160710079\testng-customsuite.xml">
      <![CDATA[org.testng.TestNGException: 
Parameter 'browser' is required by BeforeTest on method openBrowser but has not been marked @Optional or defined
in C:\Users\HP\AppData\Local\Temp\testng-eclipse-160710079\testng-customsuite.xml
at org.testng.internal.Parameters.createParams(Parameters.java:272)
at org.testng.internal.Parameters.createParametersForMethod(Parameters.java:360)
at org.testng.internal.Parameters.createParameters(Parameters.java:704)
at org.testng.internal.Parameters.createConfigurationParameters(Parameters.java:166)
at org.testng.internal.ConfigInvoker.invokeConfigurations(ConfigInvoker.java:283)
at org.testng.TestRunner.invokeTestConfigurations(TestRunner.java:619)
at org.testng.TestRunner.beforeRun(TestRunner.java:609)
at org.testng.TestRunner.run(TestRunner.java:580)
at org.testng.SuiteRunner.runTest(SuiteRunner.java:384)
at org.testng.SuiteRunner.runSequentially(SuiteRunner.java:378)
at org.testng.SuiteRunner.privateRun(SuiteRunner.java:337)
at org.testng.SuiteRunner.run(SuiteRunner.java:286)
at org.testng.SuiteRunnerWorker.runSuite(SuiteRunnerWorker.java:53)
at org.testng.SuiteRunnerWorker.run(SuiteRunnerWorker.java:96)
at org.testng.TestNG.runSuitesSequentially(TestNG.java:1187)
at org.testng.TestNG.runSuitesLocally(TestNG.java:1109)
at org.testng.TestNG.runSuites(TestNG.java:1039)
at org.testng.TestNG.run(TestNG.java:1007)
at org.testng.remote.AbstractRemoteTestNG.run(AbstractRemoteTestNG.java:115)
at org.testng.remote.RemoteTestNG.initAndRun(RemoteTestNG.java:251)
at org.testng.remote.RemoteTestNG.main(RemoteTestNG.java:77)
]]>
    </failure>
  </testcase> <!-- @BeforeTest openBrowser -->
  <testcase classname="com.pom.testingclasses.VerifyAmazonPayTabs" name="@BeforeMethod beforeMethod" time="-1.623928556831E9">
    <skipped/>
  </testcase> <!-- @BeforeMethod beforeMethod -->
  <testcase classname="com.pom.testingclasses.VerifyAmazonPayTabs" name="@AfterMethod signOut" time="-1.623928556852E9">
    <skipped/>
  </testcase> <!-- @AfterMethod signOut -->
  <testcase classname="com.pom.testingclasses.VerifyAmazonPayTabs" name="@BeforeMethod beforeMethod" time="-1.623928556857E9">
    <skipped/>
  </testcase> <!-- @BeforeMethod beforeMethod -->
  <testcase classname="com.pom.testingclasses.VerifyAmazonPayTabs" name="@AfterMethod signOut" time="-1.623928556874E9">
    <skipped/>
  </testcase> <!-- @AfterMethod signOut -->
  <testcase classname="com.pom.testingclasses.VerifyAmazonPayTabs" name="@AfterClass afterClass" time="-1.623928556879E9">
    <skipped/>
  </testcase> <!-- @AfterClass afterClass -->
  <testcase classname="com.pom.testingclasses.VerifyAmazonPayTabs" name="verifyDTH" time="0.0">
    <skipped/>
  </testcase> <!-- verifyDTH -->
  <testcase classname="com.pom.testingclasses.VerifyAmazonPayTabs" name="verifyMobileRecharge" time="0.0">
    <skipped/>
  </testcase> <!-- verifyMobileRecharge -->
  <testcase classname="com.pom.testingclasses.VerifyAmazonPayTabs" name="verifyPostpaid" time="0.0">
    <ignored/>
  </testcase> <!-- verifyPostpaid -->
  <testcase classname="com.pom.testingclasses.VerifyAmazonPayTabs" name="verifyInsurance" time="0.0">
    <ignored/>
  </testcase> <!-- verifyInsurance -->
  <testcase classname="com.pom.testingclasses.VerifyAmazonPayTabs" name="verifyElectricity" time="0.0">
    <ignored/>
  </testcase> <!-- verifyElectricity -->
  <testcase classname="com.pom.testingclasses.VerifyAmazonPayTabs" name="verifyGasCylinder" time="0.0">
    <ignored/>
  </testcase> <!-- verifyGasCylinder -->
</testsuite> <!-- Default test -->
